Using pre-set license
Built from '2021.1/release' branch; Version is '2021.1.0f1 (61a549675243) revision 6399305'; Using compiler version '192528614'; Build Type 'Release'
OS: 'Windows 10 Home; OS build 19041.928; Version 2004; 64bit' Language: 'pl' Physical Memory: 32585 MB
BatchMode: 1, IsHumanControllingUs: 0, StartBugReporterOnCrash: 0, Is64bit: 1, IsPro: 0

 COMMAND LINE ARGUMENTS:
C:\Program Files\Unity\Hub\Editor\2021.1.0f1\Editor\Unity.exe
-adb2
-batchMode
-noUpm
-name
AssetImportWorker0
-projectPath
C:/Users/marci/Desktop/Zupełnie nowa, inteligentna gra
-logFile
Logs/AssetImportWorker0.log
-srvPort
54371
Successfully changed project path to: C:/Users/marci/Desktop/Zupełnie nowa, inteligentna gra
C:/Users/marci/Desktop/Zupełnie nowa, inteligentna gra
Using Asset Import Pipeline V2.
Cannot set VR devices because the platform passed isn't supported by Unity.

Cannot set VR devices because the platform passed isn't supported by Unity.

Cannot set VR devices because the platform passed isn't supported by Unity.

Cannot set VR devices because the platform passed isn't supported by Unity.

Cannot set VR devices because the platform passed isn't supported by Unity.

Cannot set VR devices because the platform passed isn't supported by Unity.

Cannot set VR devices because the platform passed isn't supported by Unity.

Cannot set VR devices because the platform passed isn't supported by Unity.

Cannot set VR devices because the platform passed isn't supported by Unity.

Cannot set VR devices because the platform passed isn't supported by Unity.

Cannot set VR devices because the platform passed isn't supported by Unity.

Refreshing native plugins compatible for Editor in 83.78 ms, found 1 plugins.
Preloading 0 native plugins for Editor in 0.00 ms.
Initialize engine version: 2021.1.0f1 (61a549675243)
[Subsystems] Discovering subsystems at path C:/Program Files/Unity/Hub/Editor/2021.1.0f1/Editor/Data/Resources/UnitySubsystems
[Subsystems] Discovering subsystems at path C:/Users/marci/Desktop/Zupełnie nowa, inteligentna gra/Assets
GfxDevice: creating device client; threaded=0; jobified=0
Direct3D:
    Version:  Direct3D 11.0 [level 11.1]
    Renderer: NVIDIA GeForce RTX 2060 (ID=0x1f08)
    Vendor:   NVIDIA
    VRAM:     5980 MB
    Driver:   27.21.14.6172
Initialize mono
Mono path[0] = 'C:/Program Files/Unity/Hub/Editor/2021.1.0f1/Editor/Data/Managed'
Mono path[1] = 'C:/Program Files/Unity/Hub/Editor/2021.1.0f1/Editor/Data/MonoBleedingEdge/lib/mono/unityjit'
Mono config path = 'C:/Program Files/Unity/Hub/Editor/2021.1.0f1/Editor/Data/MonoBleedingEdge/etc'
Using monoOptions --debugger-agent=transport=dt_socket,embedding=1,server=y,suspend=n,address=127.0.0.1:56028
Begin MonoManager ReloadAssembly
Registering precompiled unity dll's ...
Register platform support module: C:/Program Files/Unity/Hub/Editor/2021.1.0f1/Editor/Data/PlaybackEngines/MacStandaloneSupport/UnityEditor.OSXStandalone.Extensions.dll
Register platform support module: C:/Program Files/Unity/Hub/Editor/2021.1.0f1/Editor/Data/PlaybackEngines/WindowsStandaloneSupport/UnityEditor.WindowsStandalone.Extensions.dll
Register platform support module: C:/Program Files/Unity/Hub/Editor/2021.1.0f1/Editor/Data/PlaybackEngines/LinuxStandaloneSupport/UnityEditor.LinuxStandalone.Extensions.dll
Registered in 0.005700 seconds.
Native extension for LinuxStandalone target not found
Native extension for WindowsStandalone target not found
Native extension for OSXStandalone target not found
Refreshing native plugins compatible for Editor in 88.20 ms, found 1 plugins.
Preloading 0 native plugins for Editor in 0.00 ms.
Mono: successfully reloaded assembly
- Completed reload, in  3.750 seconds
Platform modules already initialized, skipping
Registering precompiled user dll's ...
Registered in 0.004805 seconds.
Begin MonoManager ReloadAssembly
Native extension for LinuxStandalone target not found
Native extension for WindowsStandalone target not found
Native extension for OSXStandalone target not found
Refreshing native plugins compatible for Editor in 0.56 ms, found 1 plugins.
Preloading 0 native plugins for Editor in 0.00 ms.
Mono: successfully reloaded assembly
- Completed reload, in  1.147 seconds
Platform modules already initialized, skipping
========================================================================
Worker process is ready to serve import requests
Cannot set VR devices because the platform passed isn't supported by Unity.

Cannot set VR devices because the platform passed isn't supported by Unity.

Cannot set VR devices because the platform passed isn't supported by Unity.

Cannot set VR devices because the platform passed isn't supported by Unity.

Cannot set VR devices because the platform passed isn't supported by Unity.

Cannot set VR devices because the platform passed isn't supported by Unity.

Cannot set VR devices because the platform passed isn't supported by Unity.

Cannot set VR devices because the platform passed isn't supported by Unity.

Cannot set VR devices because the platform passed isn't supported by Unity.

Cannot set VR devices because the platform passed isn't supported by Unity.

Cannot set VR devices because the platform passed isn't supported by Unity.

Launched and connected shader compiler UnityShaderCompiler.exe after 0.05 seconds
Refreshing native plugins compatible for Editor in 0.58 ms, found 1 plugins.
Preloading 0 native plugins for Editor in 0.00 ms.
Unloading 2684 Unused Serialized files (Serialized files now loaded: 0)
System memory in use before: 98.6 MB.
System memory in use after: 98.8 MB.

Unloading 14 unused Assets to reduce memory usage. Loaded Objects now: 3136.
Total: 3.487100 ms (FindLiveObjects: 0.561000 ms CreateObjectMapping: 0.350000 ms MarkObjects: 2.507100 ms  DeleteObjects: 0.067000 ms)

========================================================================
Received Import Request.
  path: Assets/attachment.jpg
  artifactKey: Guid(ff09463dc9785c34981f67b5a246b953) Importer(815301076,1909f56bfc062723c751e8b465ee728b)
Start importing Assets/attachment.jpg using Guid(ff09463dc9785c34981f67b5a246b953) Importer(815301076,1909f56bfc062723c751e8b465ee728b)  -> (artifact id: '594cea0dfa3f0ae56d22294abc333fa9') in 0.145491 seconds 
========================================================================
Received Import Request.
  Time since last request: 0.000220 seconds.
  path: Assets/2cxervhfupzpe38fg.png
  artifactKey: Guid(e8a05059121e86f408020be992a859d4) Importer(815301076,1909f56bfc062723c751e8b465ee728b)
Start importing Assets/2cxervhfupzpe38fg.png using Guid(e8a05059121e86f408020be992a859d4) Importer(815301076,1909f56bfc062723c751e8b465ee728b)  -> (artifact id: 'c528b91981ba4bf977753b7ead93d39c') in 0.018210 seconds 
========================================================================
Received Import Request.
  Time since last request: 0.000210 seconds.
  path: Assets/901303043a1acb66c0ea61f7b4e866e3.jpg
  artifactKey: Guid(badd68ed1bcbe6449ac764e8c7f16f85) Importer(815301076,1909f56bfc062723c751e8b465ee728b)
Start importing Assets/901303043a1acb66c0ea61f7b4e866e3.jpg using Guid(badd68ed1bcbe6449ac764e8c7f16f85) Importer(815301076,1909f56bfc062723c751e8b465ee728b)  -> (artifact id: 'bf08cff442169445ba588a9b0178acf6') in 0.025472 seconds 
========================================================================
Received Import Request.
  Time since last request: 0.000233 seconds.
  path: Assets/553ac821b5ef1d4b8739c5d1f08a789d 1.jpg
  artifactKey: Guid(a4bc2797a085cb64f8593848cda7e4a7) Importer(815301076,1909f56bfc062723c751e8b465ee728b)
Start importing Assets/553ac821b5ef1d4b8739c5d1f08a789d 1.jpg using Guid(a4bc2797a085cb64f8593848cda7e4a7) Importer(815301076,1909f56bfc062723c751e8b465ee728b)  -> (artifact id: '1916eb92a1d9885e2be0e7a5915bfe2f') in 0.018469 seconds 
========================================================================
Received Import Request.
  Time since last request: 0.000217 seconds.
  path: Assets/ceilmoldy.jpg
  artifactKey: Guid(63f858f36c0c99445a93f7a86eb9b13d) Importer(815301076,1909f56bfc062723c751e8b465ee728b)
Start importing Assets/ceilmoldy.jpg using Guid(63f858f36c0c99445a93f7a86eb9b13d) Importer(815301076,1909f56bfc062723c751e8b465ee728b)  -> (artifact id: '1306d82a295465222acf5b6bc4a783ff') in 0.021096 seconds 
========================================================================
Received Import Request.
  Time since last request: 0.000192 seconds.
  path: Assets/new.unity
  artifactKey: Guid(983cd157394c50c4f9990bd1d9921afe) Importer(815301076,1909f56bfc062723c751e8b465ee728b)
Start importing Assets/new.unity using Guid(983cd157394c50c4f9990bd1d9921afe) Importer(815301076,1909f56bfc062723c751e8b465ee728b)  -> (artifact id: '1cda67b83b53b5137bf4e953d837a994') in 0.019652 seconds 
========================================================================
Received Import Request.
  Time since last request: 0.000258 seconds.
  path: Assets/StJohnsDerelictAsylum-14.jpg
  artifactKey: Guid(bd9698db817ea4242944e02602b62722) Importer(815301076,1909f56bfc062723c751e8b465ee728b)
Start importing Assets/StJohnsDerelictAsylum-14.jpg using Guid(bd9698db817ea4242944e02602b62722) Importer(815301076,1909f56bfc062723c751e8b465ee728b)  -> (artifact id: '3bdad83009e57d171e5a1221dc725783') in 0.018672 seconds 
========================================================================
Received Import Request.
  Time since last request: 0.000231 seconds.
  path: Assets/553ac821b5ef1d4b8739c5d1f08a789d.jpg
  artifactKey: Guid(7c0653e95d225074fab347f90239e4eb) Importer(815301076,1909f56bfc062723c751e8b465ee728b)
Start importing Assets/553ac821b5ef1d4b8739c5d1f08a789d.jpg using Guid(7c0653e95d225074fab347f90239e4eb) Importer(815301076,1909f56bfc062723c751e8b465ee728b)  -> (artifact id: 'd3702b613a692dee572b6e99399fffff') in 0.018191 seconds 
========================================================================
Received Prepare
Cannot set VR devices because the platform passed isn't supported by Unity.

Cannot set VR devices because the platform passed isn't supported by Unity.

Cannot set VR devices because the platform passed isn't supported by Unity.

Cannot set VR devices because the platform passed isn't supported by Unity.

Cannot set VR devices because the platform passed isn't supported by Unity.

Cannot set VR devices because the platform passed isn't supported by Unity.

Cannot set VR devices because the platform passed isn't supported by Unity.

Cannot set VR devices because the platform passed isn't supported by Unity.

Cannot set VR devices because the platform passed isn't supported by Unity.

Cannot set VR devices because the platform passed isn't supported by Unity.

Cannot set VR devices because the platform passed isn't supported by Unity.

Registering precompiled user dll's ...
Registered in 0.005665 seconds.
Begin MonoManager ReloadAssembly
Native extension for LinuxStandalone target not found
Native extension for WindowsStandalone target not found
Native extension for OSXStandalone target not found
Refreshing native plugins compatible for Editor in 0.51 ms, found 1 plugins.
Preloading 0 native plugins for Editor in 0.00 ms.
Mono: successfully reloaded assembly
- Completed reload, in  1.034 seconds
Platform modules already initialized, skipping
Refreshing native plugins compatible for Editor in 0.50 ms, found 1 plugins.
Preloading 0 native plugins for Editor in 0.00 ms.
Unloading 2685 Unused Serialized files (Serialized files now loaded: 0)
System memory in use before: 102.8 MB.
System memory in use after: 103.1 MB.

Unloading 9 unused Assets to reduce memory usage. Loaded Objects now: 3248.
Total: 2.832400 ms (FindLiveObjects: 0.420400 ms CreateObjectMapping: 0.227800 ms MarkObjects: 2.134400 ms  DeleteObjects: 0.049000 ms)

AssetImportWorkerClient::OnTransportError - code=2 error=End of file
