Using pre-set license
Built from '2021.1/release' branch; Version is '2021.1.4f1 (4cd64a618c1b) revision 5035594'; Using compiler version '192528614'; Build Type 'Release'
OS: 'Windows 10 Pro; OS build 19042.928; Version 2009; 64bit' Language: 'pl' Physical Memory: 130986 MB
BatchMode: 1, IsHumanControllingUs: 0, StartBugReporterOnCrash: 0, Is64bit: 1, IsPro: 0

 COMMAND LINE ARGUMENTS:
C:\Program Files\Unity\Hub\Editor\2021.1.4f1\Editor\Unity.exe
-adb2
-batchMode
-noUpm
-name
AssetImportWorker0
-projectPath
C:/Users/HyperWorks/iCloudDrive/To nie porno/Prace/Unity games/Horror
-logFile
Logs/AssetImportWorker0.log
-srvPort
55703
Successfully changed project path to: C:/Users/HyperWorks/iCloudDrive/To nie porno/Prace/Unity games/Horror
C:/Users/HyperWorks/iCloudDrive/To nie porno/Prace/Unity games/Horror
Using Asset Import Pipeline V2.
Cannot set VR devices because the platform passed isn't supported by Unity.

Cannot set VR devices because the platform passed isn't supported by Unity.

Cannot set VR devices because the platform passed isn't supported by Unity.

Cannot set VR devices because the platform passed isn't supported by Unity.

Cannot set VR devices because the platform passed isn't supported by Unity.

Cannot set VR devices because the platform passed isn't supported by Unity.

Cannot set VR devices because the platform passed isn't supported by Unity.

Cannot set VR devices because the platform passed isn't supported by Unity.

Cannot set VR devices because the platform passed isn't supported by Unity.

Cannot set VR devices because the platform passed isn't supported by Unity.

Cannot set VR devices because the platform passed isn't supported by Unity.

Refreshing native plugins compatible for Editor in 59.64 ms, found 1 plugins.
Preloading 0 native plugins for Editor in 0.00 ms.
Initialize engine version: 2021.1.4f1 (4cd64a618c1b)
[Subsystems] Discovering subsystems at path C:/Program Files/Unity/Hub/Editor/2021.1.4f1/Editor/Data/Resources/UnitySubsystems
[Subsystems] Discovering subsystems at path C:/Users/HyperWorks/iCloudDrive/To nie porno/Prace/Unity games/Horror/Assets
GfxDevice: creating device client; threaded=0; jobified=0
Direct3D:
    Version:  Direct3D 11.0 [level 11.1]
    Renderer: NVIDIA GeForce RTX 3060 (ID=0x2503)
    Vendor:   NVIDIA
    VRAM:     12143 MB
    Driver:   27.21.14.6231
Initialize mono
Mono path[0] = 'C:/Program Files/Unity/Hub/Editor/2021.1.4f1/Editor/Data/Managed'
Mono path[1] = 'C:/Program Files/Unity/Hub/Editor/2021.1.4f1/Editor/Data/MonoBleedingEdge/lib/mono/unityjit'
Mono config path = 'C:/Program Files/Unity/Hub/Editor/2021.1.4f1/Editor/Data/MonoBleedingEdge/etc'
Using monoOptions --debugger-agent=transport=dt_socket,embedding=1,server=y,suspend=n,address=127.0.0.1:56140
Begin MonoManager ReloadAssembly
Registering precompiled unity dll's ...
Register platform support module: C:/Program Files/Unity/Hub/Editor/2021.1.4f1/Editor/Data/PlaybackEngines/MacStandaloneSupport/UnityEditor.OSXStandalone.Extensions.dll
Register platform support module: C:/Program Files/Unity/Hub/Editor/2021.1.4f1/Editor/Data/PlaybackEngines/WindowsStandaloneSupport/UnityEditor.WindowsStandalone.Extensions.dll
Registered in 0.001715 seconds.
Native extension for WindowsStandalone target not found
Native extension for OSXStandalone target not found
Refreshing native plugins compatible for Editor in 51.54 ms, found 1 plugins.
Preloading 0 native plugins for Editor in 0.00 ms.
Mono: successfully reloaded assembly
- Completed reload, in  1.352 seconds
Platform modules already initialized, skipping
Registering precompiled user dll's ...
Registered in 0.001962 seconds.
Begin MonoManager ReloadAssembly
Native extension for WindowsStandalone target not found
Native extension for OSXStandalone target not found
Refreshing native plugins compatible for Editor in 0.65 ms, found 1 plugins.
Preloading 0 native plugins for Editor in 0.00 ms.
Mono: successfully reloaded assembly
- Completed reload, in  0.640 seconds
Platform modules already initialized, skipping
========================================================================
Worker process is ready to serve import requests
Cannot set VR devices because the platform passed isn't supported by Unity.

Cannot set VR devices because the platform passed isn't supported by Unity.

Cannot set VR devices because the platform passed isn't supported by Unity.

Cannot set VR devices because the platform passed isn't supported by Unity.

Cannot set VR devices because the platform passed isn't supported by Unity.

Cannot set VR devices because the platform passed isn't supported by Unity.

Cannot set VR devices because the platform passed isn't supported by Unity.

Cannot set VR devices because the platform passed isn't supported by Unity.

Cannot set VR devices because the platform passed isn't supported by Unity.

Cannot set VR devices because the platform passed isn't supported by Unity.

Cannot set VR devices because the platform passed isn't supported by Unity.

Launched and connected shader compiler UnityShaderCompiler.exe after 0.03 seconds
Refreshing native plugins compatible for Editor in 0.70 ms, found 1 plugins.
Preloading 0 native plugins for Editor in 0.00 ms.
Unloading 2685 Unused Serialized files (Serialized files now loaded: 0)
System memory in use before: 98.7 MB.
System memory in use after: 98.9 MB.

Unloading 14 unused Assets to reduce memory usage. Loaded Objects now: 3138.
Total: 2.085900 ms (FindLiveObjects: 0.230200 ms CreateObjectMapping: 0.095500 ms MarkObjects: 1.709900 ms  DeleteObjects: 0.049300 ms)

========================================================================
Received Import Request.
  path: Assets/attachment.jpg
  artifactKey: Guid(ff09463dc9785c34981f67b5a246b953) Importer(815301076,1909f56bfc062723c751e8b465ee728b)
Start importing Assets/attachment.jpg using Guid(ff09463dc9785c34981f67b5a246b953) Importer(815301076,1909f56bfc062723c751e8b465ee728b)  -> (artifact id: '45a3871f348f7ed8a365c0d314c7a5e6') in 0.055597 seconds 
========================================================================
Received Import Request.
  Time since last request: 0.000177 seconds.
  path: Assets/2cxervhfupzpe38fg.png
  artifactKey: Guid(e8a05059121e86f408020be992a859d4) Importer(815301076,1909f56bfc062723c751e8b465ee728b)
Start importing Assets/2cxervhfupzpe38fg.png using Guid(e8a05059121e86f408020be992a859d4) Importer(815301076,1909f56bfc062723c751e8b465ee728b)  -> (artifact id: 'f8e8c00274fd1591a098fc72e0b33487') in 0.010982 seconds 
========================================================================
Received Import Request.
  Time since last request: 0.000131 seconds.
  path: Assets/901303043a1acb66c0ea61f7b4e866e3.jpg
  artifactKey: Guid(badd68ed1bcbe6449ac764e8c7f16f85) Importer(815301076,1909f56bfc062723c751e8b465ee728b)
Start importing Assets/901303043a1acb66c0ea61f7b4e866e3.jpg using Guid(badd68ed1bcbe6449ac764e8c7f16f85) Importer(815301076,1909f56bfc062723c751e8b465ee728b)  -> (artifact id: '1440c9bfefeb4dbc30c953dceee13eee') in 0.010944 seconds 
========================================================================
Received Import Request.
  Time since last request: 0.000123 seconds.
  path: Assets/553ac821b5ef1d4b8739c5d1f08a789d 1.jpg
  artifactKey: Guid(a4bc2797a085cb64f8593848cda7e4a7) Importer(815301076,1909f56bfc062723c751e8b465ee728b)
Start importing Assets/553ac821b5ef1d4b8739c5d1f08a789d 1.jpg using Guid(a4bc2797a085cb64f8593848cda7e4a7) Importer(815301076,1909f56bfc062723c751e8b465ee728b)  -> (artifact id: '97904dcd454ff2da7206ffd5c38d5eaf') in 0.010095 seconds 
========================================================================
Received Import Request.
  Time since last request: 0.000121 seconds.
  path: Assets/ceilmoldy.jpg
  artifactKey: Guid(63f858f36c0c99445a93f7a86eb9b13d) Importer(815301076,1909f56bfc062723c751e8b465ee728b)
Start importing Assets/ceilmoldy.jpg using Guid(63f858f36c0c99445a93f7a86eb9b13d) Importer(815301076,1909f56bfc062723c751e8b465ee728b)  -> (artifact id: '2edf1b792e42d11bc11662c6e6a73274') in 0.012216 seconds 
========================================================================
Received Import Request.
  Time since last request: 0.000129 seconds.
  path: Assets/StJohnsDerelictAsylum-14.jpg
  artifactKey: Guid(bd9698db817ea4242944e02602b62722) Importer(815301076,1909f56bfc062723c751e8b465ee728b)
Start importing Assets/StJohnsDerelictAsylum-14.jpg using Guid(bd9698db817ea4242944e02602b62722) Importer(815301076,1909f56bfc062723c751e8b465ee728b)  -> (artifact id: '2bfdc68fa2226d89ed16ebd3edb59786') in 0.010906 seconds 
========================================================================
Received Import Request.
  Time since last request: 0.000120 seconds.
  path: Assets/553ac821b5ef1d4b8739c5d1f08a789d.jpg
  artifactKey: Guid(7c0653e95d225074fab347f90239e4eb) Importer(815301076,1909f56bfc062723c751e8b465ee728b)
Start importing Assets/553ac821b5ef1d4b8739c5d1f08a789d.jpg using Guid(7c0653e95d225074fab347f90239e4eb) Importer(815301076,1909f56bfc062723c751e8b465ee728b)  -> (artifact id: 'e6929fb0d3ca0b7303311e3d0937ed8f') in 0.008283 seconds 
========================================================================
Received Import Request.
  Time since last request: 3.302374 seconds.
  path: Assets/new.unity
  artifactKey: Guid(983cd157394c50c4f9990bd1d9921afe) Importer(815301076,1909f56bfc062723c751e8b465ee728b)
Start importing Assets/new.unity using Guid(983cd157394c50c4f9990bd1d9921afe) Importer(815301076,1909f56bfc062723c751e8b465ee728b)  -> (artifact id: 'f5c40e724c2f10c7f1e7d1692bfbd842') in 0.005572 seconds 
========================================================================
Received Import Request.
  Time since last request: 115.111728 seconds.
  path: Assets/skrypty
  artifactKey: Guid(97e572e7b7fbe104dbf8426857c7acf0) Importer(815301076,1909f56bfc062723c751e8b465ee728b)
Start importing Assets/skrypty using Guid(97e572e7b7fbe104dbf8426857c7acf0) Importer(815301076,1909f56bfc062723c751e8b465ee728b)  -> (artifact id: '7ac953dbfedd09322149e123991f99d8') in 0.006238 seconds 
AssetImportWorkerClient::OnTransportError - code=2 error=End of file
